<?xml version="1.0" encoding="UTF-8"?>
<coverage generated="1725395246563" clover="3.2.0">
  <project timestamp="1725395246563" name="All files">
    <metrics statements="11" coveredstatements="11" conditionals="4" coveredconditionals="4" methods="7" coveredmethods="6" elements="22" coveredelements="21" complexity="0" loc="11" ncloc="11" packages="1" files="2" classes="2"/>
    <file name="StationLookupComponent.jsx" path="C:\Users\User\source\repos\Cascade\cascade.client\src\components\StationLookupComponent.jsx">
      <metrics statements="8" coveredstatements="8" conditionals="4" coveredconditionals="4" methods="5" coveredmethods="4"/>
      <line num="5" count="5" type="stmt"/>
      <line num="8" count="5" type="stmt"/>
      <line num="12" count="2" type="stmt"/>
      <line num="17" count="10820" type="cond" truecount="2" falsecount="0"/>
      <line num="18" count="6492" type="stmt"/>
      <line num="19" count="4328" type="cond" truecount="2" falsecount="0"/>
      <line num="20" count="20" type="stmt"/>
      <line num="22" count="20" type="stmt"/>
    </file>
    <file name="SummariesComponent.jsx" path="C:\Users\User\source\repos\Cascade\cascade.client\src\components\SummariesComponent.jsx">
      <metrics statements="3" coveredstatements="3" conditionals="0" coveredconditionals="0" methods="2" coveredmethods="2"/>
      <line num="4" count="1" type="stmt"/>
      <line num="6" count="1" type="stmt"/>
      <line num="14" count="1" type="stmt"/>
    </file>
  </project>
</coverage>
