<?xml version="1.0" encoding="UTF-8"?>
<coverage generated="1725405849325" clover="3.2.0">
  <project timestamp="1725405849325" name="All files">
    <metrics statements="58" coveredstatements="35" conditionals="28" coveredconditionals="11" methods="16" coveredmethods="12" elements="102" coveredelements="58" complexity="0" loc="58" ncloc="58" packages="1" files="5" classes="5"/>
    <file name="ChartComponent.jsx" path="C:\Users\User\source\repos\Cascade\cascade.client\src\components\ChartComponent.jsx">
      <metrics statements="2" coveredstatements="1" conditionals="0" coveredconditionals="0" methods="2" coveredmethods="1"/>
      <line num="18" count="2" type="stmt"/>
      <line num="23" count="0" type="stmt"/>
    </file>
    <file name="Loading.jsx" path="C:\Users\User\source\repos\Cascade\cascade.client\src\components\Loading.jsx">
      <metrics statements="1" coveredstatements="0" conditionals="0" coveredconditionals="0" methods="1" coveredmethods="0"/>
      <line num="4" count="0" type="stmt"/>
    </file>
    <file name="RiverDataComponent.jsx" path="C:\Users\User\source\repos\Cascade\cascade.client\src\components\RiverDataComponent.jsx">
      <metrics statements="44" coveredstatements="23" conditionals="24" coveredconditionals="7" methods="6" coveredmethods="5"/>
      <line num="7" count="2" type="stmt"/>
      <line num="8" count="2" type="stmt"/>
      <line num="9" count="2" type="stmt"/>
      <line num="10" count="2" type="stmt"/>
      <line num="11" count="2" type="stmt"/>
      <line num="14" count="2" type="stmt"/>
      <line num="15" count="1" type="cond" truecount="3" falsecount="1"/>
      <line num="16" count="0" type="stmt"/>
      <line num="18" count="1" type="stmt"/>
      <line num="19" count="1" type="stmt"/>
      <line num="20" count="1" type="stmt"/>
      <line num="21" count="1" type="stmt"/>
      <line num="25" count="2" type="stmt"/>
      <line num="26" count="1" type="cond" truecount="2" falsecount="2"/>
      <line num="27" count="1" type="stmt"/>
      <line num="29" count="0" type="cond" truecount="0" falsecount="4"/>
      <line num="30" count="0" type="stmt"/>
      <line num="33" count="0" type="stmt"/>
      <line num="34" count="0" type="stmt"/>
      <line num="40" count="2" type="stmt"/>
      <line num="43" count="0" type="cond" truecount="1" falsecount="1"/>
      <line num="50" count="1" type="stmt"/>
      <line num="52" count="1" type="stmt"/>
      <line num="53" count="1" type="stmt"/>
      <line num="55" count="0" type="cond" truecount="0" falsecount="2"/>
      <line num="56" count="0" type="stmt"/>
      <line num="58" count="0" type="stmt"/>
      <line num="60" count="0" type="cond" truecount="0" falsecount="2"/>
      <line num="61" count="0" type="stmt"/>
      <line num="64" count="0" type="stmt"/>
      <line num="65" count="0" type="stmt"/>
      <line num="69" count="1" type="stmt"/>
      <line num="72" count="1" type="stmt"/>
      <line num="78" count="1" type="stmt"/>
      <line num="79" count="1" type="stmt"/>
      <line num="81" count="0" type="cond" truecount="0" falsecount="2"/>
      <line num="82" count="0" type="stmt"/>
      <line num="85" count="0" type="stmt"/>
      <line num="86" count="0" type="stmt"/>
      <line num="88" count="0" type="cond" truecount="0" falsecount="2"/>
      <line num="89" count="0" type="stmt"/>
      <line num="91" count="0" type="stmt"/>
      <line num="94" count="0" type="stmt"/>
      <line num="97" count="1" type="stmt"/>
    </file>
    <file name="StationLookupComponent.jsx" path="C:\Users\User\source\repos\Cascade\cascade.client\src\components\StationLookupComponent.jsx">
      <metrics statements="8" coveredstatements="8" conditionals="4" coveredconditionals="4" methods="5" coveredmethods="4"/>
      <line num="5" count="5" type="stmt"/>
      <line num="8" count="5" type="stmt"/>
      <line num="12" count="2" type="stmt"/>
      <line num="17" count="10820" type="cond" truecount="2" falsecount="0"/>
      <line num="18" count="6492" type="stmt"/>
      <line num="19" count="4328" type="cond" truecount="2" falsecount="0"/>
      <line num="20" count="20" type="stmt"/>
      <line num="22" count="20" type="stmt"/>
    </file>
    <file name="SummariesComponent.jsx" path="C:\Users\User\source\repos\Cascade\cascade.client\src\components\SummariesComponent.jsx">
      <metrics statements="3" coveredstatements="3" conditionals="0" coveredconditionals="0" methods="2" coveredmethods="2"/>
      <line num="4" count="1" type="stmt"/>
      <line num="6" count="1" type="stmt"/>
      <line num="14" count="1" type="stmt"/>
    </file>
  </project>
</coverage>
