TN:
SF:csstub.js
FNF:0
FNH:0
DA:1,1
LF:1
LH:1
BRF:0
BRH:0
end_of_record
TN:
SF:src\App.jsx
FN:8,App
FN:25,(anonymous_1)
FN:32,(anonymous_2)
FN:36,(anonymous_3)
FN:46,HandleLookup
FN:50,SetStationIdFromLookup
FN:54,AddChart
FN:59,(anonymous_7)
FN:66,DeleteChart
FN:67,(anonymous_9)
FN:68,(anonymous_10)
FN:71,AddSummary
FNF:12
FNH:11
FNDA:28,App
FNDA:5,(anonymous_1)
FNDA:6,(anonymous_2)
FNDA:1,(anonymous_3)
FNDA:5,HandleLookup
FNDA:1,SetStationIdFromLookup
FNDA:7,AddChart
FNDA:1,(anonymous_7)
FNDA:1,DeleteChart
FNDA:1,(anonymous_9)
FNDA:0,(anonymous_10)
FNDA:2,AddSummary
DA:9,28
DA:10,27
DA:11,27
DA:12,27
DA:17,27
DA:25,5
DA:32,6
DA:36,1
DA:47,5
DA:51,1
DA:55,7
DA:56,1
DA:58,7
DA:59,7
DA:60,7
DA:61,5
DA:62,5
DA:67,1
DA:68,1
DA:72,2
DA:73,2
LF:21
LH:21
BRDA:22,0,0,5
BRDA:22,0,1,22
BRDA:25,1,0,27
BRDA:25,1,1,13
BRDA:55,2,0,1
BRDA:55,2,1,6
BRDA:60,3,0,5
BRDA:60,3,1,2
BRDA:60,4,0,7
BRDA:60,4,1,6
BRF:10
BRH:10
end_of_record
TN:
SF:src\assets\logo.svg
FN:3,SvgLogo
FNF:1
FNH:0
FNDA:0,SvgLogo
DA:2,1
DA:4,0
DA:9,1
LF:3
LH:2
BRF:0
BRH:0
end_of_record
TN:
SF:src\components\ApiController.jsx
FN:1,populateRiverData
FN:25,GetStationDetails
FNF:2
FNH:2
FNDA:2,populateRiverData
FNDA:2,GetStationDetails
DA:3,2
DA:4,2
DA:6,0
DA:7,0
DA:9,0
DA:11,0
DA:12,0
DA:13,0
DA:17,0
DA:21,2
DA:27,2
DA:28,2
DA:30,0
DA:31,0
DA:34,0
DA:35,0
DA:36,0
DA:37,0
DA:39,0
DA:42,0
DA:45,2
LF:21
LH:6
BRDA:6,0,0,0
BRDA:6,0,1,0
BRDA:11,1,0,0
BRDA:11,1,1,0
BRDA:30,2,0,0
BRDA:30,2,1,0
BRDA:36,3,0,0
BRDA:36,3,1,0
BRF:8
BRH:0
end_of_record
TN:
SF:src\components\ChartComponent.jsx
FN:17,ChartComp
FN:22,(anonymous_1)
FNF:2
FNH:2
FNDA:11,ChartComp
FNDA:36,(anonymous_1)
DA:18,11
DA:23,36
LF:2
LH:2
BRF:0
BRH:0
end_of_record
TN:
SF:src\components\Loading.jsx
FN:3,LoadingSpinner
FNF:1
FNH:1
FNDA:7,LoadingSpinner
DA:4,7
LF:1
LH:1
BRF:0
BRH:0
end_of_record
TN:
SF:src\components\RiverDataComponent.jsx
FN:7,RiverDataComp
FN:15,(anonymous_1)
FN:27,(anonymous_2)
FN:42,(anonymous_3)
FN:47,fetchCaller
FNF:5
FNH:5
FNDA:18,RiverDataComp
FNDA:7,(anonymous_1)
FNDA:9,(anonymous_2)
FNDA:1,(anonymous_3)
FNDA:7,fetchCaller
DA:8,18
DA:9,18
DA:10,18
DA:11,18
DA:12,18
DA:15,18
DA:16,7
DA:17,0
DA:20,7
DA:21,7
DA:27,18
DA:28,9
DA:29,7
DA:32,2
DA:33,2
DA:39,18
DA:42,1
DA:48,7
DA:50,7
DA:52,7
DA:53,7
DA:55,7
DA:56,5
DA:57,5
DA:61,7
LF:25
LH:24
BRDA:16,0,0,0
BRDA:16,0,1,7
BRDA:16,1,0,7
BRDA:16,1,1,7
BRDA:28,2,0,7
BRDA:28,2,1,2
BRDA:28,3,0,9
BRDA:28,3,1,2
BRDA:41,4,0,7
BRDA:41,4,1,11
BRDA:55,5,0,5
BRDA:55,5,1,2
BRF:12
BRH:11
end_of_record
TN:
SF:src\components\StationLookupComponent.jsx
FN:4,StationLookupComp
FN:12,(anonymous_1)
FN:16,(anonymous_2)
FN:22,(anonymous_3)
FN:22,(anonymous_4)
FNF:5
FNH:5
FNDA:11,StationLookupComp
FNDA:3,(anonymous_1)
FNDA:23804,(anonymous_2)
FNDA:40,(anonymous_3)
FNDA:1,(anonymous_4)
DA:5,11
DA:8,11
DA:12,3
DA:17,23804
DA:18,15148
DA:19,8656
DA:20,40
DA:22,40
LF:8
LH:8
BRDA:17,0,0,15148
BRDA:17,0,1,8656
BRDA:19,1,0,40
BRDA:19,1,1,8616
BRF:4
BRH:4
end_of_record
TN:
SF:src\components\SummariesComponent.jsx
FN:2,SummariesComp
FN:12,FormatValue
FNF:2
FNH:2
FNDA:2,SummariesComp
FNDA:2,FormatValue
DA:4,2
DA:6,2
DA:14,2
LF:3
LH:3
BRF:0
BRH:0
end_of_record
