TN:
SF:src\components\ChartComponent.jsx
FN:17,ChartComp
FN:22,(anonymous_1)
FNF:2
FNH:1
FNDA:2,ChartComp
FNDA:0,(anonymous_1)
DA:18,2
DA:23,0
LF:2
LH:1
BRF:0
BRH:0
end_of_record
TN:
SF:src\components\Loading.jsx
FN:3,LoadingSpinner
FNF:1
FNH:0
FNDA:0,LoadingSpinner
DA:4,0
LF:1
LH:0
BRF:0
BRH:0
end_of_record
TN:
SF:src\components\RiverDataComponent.jsx
FN:6,RiverDataComp
FN:14,(anonymous_1)
FN:25,(anonymous_2)
FN:43,(anonymous_3)
FN:48,populateRiverData
FN:76,GetStationDetails
FNF:6
FNH:5
FNDA:2,RiverDataComp
FNDA:1,(anonymous_1)
FNDA:1,(anonymous_2)
FNDA:0,(anonymous_3)
FNDA:1,populateRiverData
FNDA:1,GetStationDetails
DA:7,2
DA:8,2
DA:9,2
DA:10,2
DA:11,2
DA:14,2
DA:15,1
DA:16,0
DA:18,1
DA:19,1
DA:20,1
DA:21,1
DA:25,2
DA:26,1
DA:27,1
DA:29,0
DA:30,0
DA:33,0
DA:34,0
DA:40,2
DA:43,0
DA:50,1
DA:52,1
DA:53,1
DA:55,0
DA:56,0
DA:58,0
DA:60,0
DA:61,0
DA:64,0
DA:65,0
DA:69,1
DA:72,1
DA:78,1
DA:79,1
DA:81,0
DA:82,0
DA:85,0
DA:86,0
DA:88,0
DA:89,0
DA:91,0
DA:94,0
DA:97,1
LF:44
LH:23
BRDA:15,0,0,0
BRDA:15,0,1,1
BRDA:15,1,0,1
BRDA:15,1,1,1
BRDA:26,2,0,1
BRDA:26,2,1,0
BRDA:26,3,0,1
BRDA:26,3,1,0
BRDA:29,4,0,0
BRDA:29,4,1,0
BRDA:29,5,0,0
BRDA:29,5,1,0
BRDA:43,6,0,0
BRDA:43,6,1,2
BRDA:44,7,0,0
BRDA:44,7,1,2
BRDA:55,8,0,0
BRDA:55,8,1,0
BRDA:60,9,0,0
BRDA:60,9,1,0
BRDA:81,10,0,0
BRDA:81,10,1,0
BRDA:88,11,0,0
BRDA:88,11,1,0
BRF:24
BRH:7
end_of_record
TN:
SF:src\components\StationLookupComponent.jsx
FN:4,StationLookupComp
FN:12,(anonymous_1)
FN:16,(anonymous_2)
FN:22,(anonymous_3)
FN:22,(anonymous_4)
FNF:5
FNH:4
FNDA:5,StationLookupComp
FNDA:2,(anonymous_1)
FNDA:10820,(anonymous_2)
FNDA:20,(anonymous_3)
FNDA:0,(anonymous_4)
DA:5,5
DA:8,5
DA:12,2
DA:17,10820
DA:18,6492
DA:19,4328
DA:20,20
DA:22,20
LF:8
LH:8
BRDA:17,0,0,6492
BRDA:17,0,1,4328
BRDA:19,1,0,20
BRDA:19,1,1,4308
BRF:4
BRH:4
end_of_record
TN:
SF:src\components\SummariesComponent.jsx
FN:2,SummariesComp
FN:12,FormatValue
FNF:2
FNH:2
FNDA:1,SummariesComp
FNDA:1,FormatValue
DA:4,1
DA:6,1
DA:14,1
LF:3
LH:3
BRF:0
BRH:0
end_of_record
